<?xml version="1.0" encoding="UTF-8"?>
<testng-results total="1" passed="1" failed="0" skipped="0">
  <reporter-output>
  </reporter-output>
  <suite started-at="2024-03-20T08:25:40Z" name="Default suite" finished-at="2024-03-20T08:26:05Z" duration-ms="25035">
    <groups>
    </groups>
    <test started-at="2024-03-20T08:25:40Z" name="Default test" finished-at="2024-03-20T08:26:05Z" duration-ms="25035">
      <class name="tests.HavoPipelineDestination">
        <test-method is-config="true" signature="init()[pri:0, instance:tests.HavoPipelineDestination@625732]" started-at="2024-03-20T13:55:40Z" name="init" finished-at="2024-03-20T13:55:42Z" duration-ms="2485" status="PASS">
          <reporter-output>
          </reporter-output>
        </test-method> <!-- init -->
        <test-method signature="createDestination()[pri:0, instance:tests.HavoPipelineDestination@625732]" started-at="2024-03-20T13:55:42Z" name="createDestination" finished-at="2024-03-20T13:56:05Z" duration-ms="22533" status="PASS">
          <reporter-output>
          </reporter-output>
        </test-method> <!-- createDestination -->
      </class> <!-- tests.HavoPipelineDestination -->
    </test> <!-- Default test -->
  </suite> <!-- Default suite -->
</testng-results>
